#
# A fatal error has been detected by the Java Runtime Environment:
#
#  SIGSEGV (0xb) at pc=0x00007f4d8bc54e17, pid=3474, tid=139971000866560
#
# JRE version: Java(TM) SE Runtime Environment (7.0_65-b17) (build 1.7.0_65-b17)
# Java VM: Java HotSpot(TM) 64-Bit Server VM (24.65-b04 mixed mode linux-amd64 compressed oops)
# Problematic frame:
# V  [libjvm.so+0x885e17]  oopDesc* PSPromotionManager::copy_to_survivor_space<false>(oopDesc*)+0x177
#
# Failed to write core dump. Core dumps have been disabled. To enable core dumping, try "ulimit -c unlimited" before starting Java again
#
# If you would like to submit a bug report, please visit:
#   http://bugreport.sun.com/bugreport/crash.jsp
#

---------------  T H R E A D  ---------------

Current thread (0x00007f4d84021000):  GCTaskThread [stack: 0x00007f4d89b91000,0x00007f4d89c92000] [id=3483]

siginfo:si_signo=SIGSEGV: si_errno=0, si_code=1 (SEGV_MAPERR), si_addr=0x000000000000001d

Registers:
RAX=0x00007f4d8c1ef9a0, RBX=0x00000000fd2eb650, RCX=0x0000000000000000, RDX=0x0000000000000005
RSP=0x00007f4d89c90ac0, RBP=0x00007f4d89c90b30, RSI=0x00000000fbdc1438, RDI=0x0000000000000015
R8 =0x0000000000000001, R9 =0x00007f4d8c20b178, R10=0x00000000fcb974e0, R11=0x00007f4d89c90ae0
R12=0x00000000fbdc1438, R13=0x0000000000000065, R14=0x0000000000000000, R15=0x00007f4d8412fb30
RIP=0x00007f4d8bc54e17, EFLAGS=0x0000000000010206, CSGSFS=0x0000000000000033, ERR=0x0000000000000004
  TRAPNO=0x000000000000000e

Top of Stack: (sp=0x00007f4d89c90ac0)
0x00007f4d89c90ac0:   000000000004c000 00007f4d8c20b178
0x00007f4d89c90ad0:   0000000000000018 00007f4d8412fac0
0x00007f4d89c90ae0:   00000000fd2eb671 00007f4d84022428
0x00007f4d89c90af0:   00000000fbe171c2 0000000000001000
0x00007f4d89c90b00:   00007f4d8c218fa8 00000000fd2eb650
0x00007f4d89c90b10:   00007f4d8412fac0 00007f4d8c1ef9a0
0x00007f4d89c90b20:   0000000000000000 00007f4d8412fb30
0x00007f4d89c90b30:   00007f4d89c90c20 00007f4d8bc54628
0x00007f4d89c90b40:   00000000bb42b100 00007f4d89c90bb0
0x00007f4d89c90b50:   00007f4d89c90bc0 00007f4d89c90b80
0x00007f4d89c90b60:   00007f4d89c90b90 00007f4d89c90be0
0x00007f4d89c90b70:   01007f4d84021000 00007f4d8412fb60
0x00007f4d89c90b80:   00000000fa788cc8 0000000000000005
0x00007f4d89c90b90:   0000000000000000 0000000000000004
0x00007f4d89c90ba0:   00007f4d89c90c20 00007f4d8bc59020
0x00007f4d89c90bb0:   00001e0100001b8b 00007f4d8c20b178
0x00007f4d89c90bc0:   000011c200001f40 00007f4d89c90be0
0x00007f4d89c90bd0:   000011c300001f40 00007f4d8412fb60
0x00007f4d89c90be0:   00000000fd2eb651 0000000000001000
0x00007f4d89c90bf0:   00000000c50bfdc0 00000000fbe171c0
0x00007f4d89c90c00:   00007f4d8412fa70 0000000000000000
0x00007f4d89c90c10:   00007f4d89c90c40 00007f4d89c90c4c
0x00007f4d89c90c20:   00007f4d89c90c80 00007f4d8bc584fe
0x00007f4d89c90c30:   00007f4d50ca7af0 00007f4d8412fac0
0x00007f4d89c90c40:   00000000fbe171c2 4a08cd6a8b924b27
0x00007f4d89c90c50:   00007f4d89c90c80 00007f4d50ca7af0
0x00007f4d89c90c60:   00007f4d84021000 0000000000000001
0x00007f4d89c90c70:   00007f4d84021630 00007f4d8bde14ce
0x00007f4d89c90c80:   00007f4d89c90d90 00007f4d8b92604f
0x00007f4d89c90c90:   0000000000000000 00007f4d89c90cd0
0x00007f4d89c90ca0:   00007f4d89c90d50 0000000000000000
0x00007f4d89c90cb0:   00007f4d84021660 00007f4d84021670 

Instructions: (pc=0x00007f4d8bc54e17)
0x00007f4d8bc54df7:   83 f8 05 75 d3 31 db eb d6 48 8b 05 31 de 57 00
0x00007f4d8bc54e07:   8b 56 08 8b 48 08 48 d3 e2 48 03 10 48 8d 7a 10
0x00007f4d8bc54e17:   8b 77 08 83 fe 00 0f 8f db fe ff ff 0f 85 07 03
0x00007f4d8bc54e27:   00 00 0f 1f 80 00 00 00 00 48 8b 07 4c 89 e6 4c 

Register to memory mapping:

RAX=0x00007f4d8c1ef9a0: <offset 0xe209a0> in /usr/lib/jvm/java-7-oracle/jre/lib/amd64/server/libjvm.so at 0x00007f4d8b3cf000
RBX=0x00000000fd2eb650 is an unknown value
RCX=0x0000000000000000 is an unknown value
RDX=0x0000000000000005 is an unknown value
RSP=0x00007f4d89c90ac0 is an unknown value
RBP=0x00007f4d89c90b30 is an unknown value
RSI=0x00000000fbdc1438 is an unknown value
RDI=0x0000000000000015 is an unknown value
R8 =0x0000000000000001 is an unknown value
R9 =0x00007f4d8c20b178: <offset 0xe3c178> in /usr/lib/jvm/java-7-oracle/jre/lib/amd64/server/libjvm.so at 0x00007f4d8b3cf000
R10=0x00000000fcb974e0 is an oop
com.android.dex.Dex 
 - klass: 'com/android/dex/Dex'
R11=0x00007f4d89c90ae0 is an unknown value
R12=0x00000000fbdc1438 is an unknown value
R13=0x0000000000000065 is an unknown value
R14=0x0000000000000000 is an unknown value
R15=0x00007f4d8412fb30 is an unknown value


Stack: [0x00007f4d89b91000,0x00007f4d89c92000],  sp=0x00007f4d89c90ac0,  free space=1022k
Native frames: (J=compiled Java code, j=interpreted, Vv=VM code, C=native code)
V  [libjvm.so+0x885e17]  oopDesc* PSPromotionManager::copy_to_survivor_space<false>(oopDesc*)+0x177
V  [libjvm.so+0x885628]  PSPromotionManager::drain_stacks_depth(bool)+0x7f8
V  [libjvm.so+0x8894fe]  StealTask::do_it(GCTaskManager*, unsigned int)+0x19e
V  [libjvm.so+0x55704f]  GCTaskThread::run()+0x12f
V  [libjvm.so+0x81f988]  java_start(Thread*)+0x108


---------------  P R O C E S S  ---------------

Java Threads: ( => current thread )
  0x00007f4d8416e800 JavaThread "Service Thread" daemon [_thread_blocked, id=3493, stack(0x00007f4d80619000,0x00007f4d8071a000)]
  0x00007f4d8416c800 JavaThread "C2 CompilerThread1" daemon [_thread_blocked, id=3492, stack(0x00007f4d8071a000,0x00007f4d8081b000)]
  0x00007f4d84169800 JavaThread "C2 CompilerThread0" daemon [_thread_blocked, id=3491, stack(0x00007f4d8081b000,0x00007f4d8091c000)]
  0x00007f4d84167800 JavaThread "Signal Dispatcher" daemon [_thread_blocked, id=3490, stack(0x00007f4d88077000,0x00007f4d88178000)]
  0x00007f4d84138800 JavaThread "Finalizer" daemon [_thread_blocked, id=3489, stack(0x00007f4d88178000,0x00007f4d88279000)]
  0x00007f4d84136800 JavaThread "Reference Handler" daemon [_thread_blocked, id=3488, stack(0x00007f4d88279000,0x00007f4d8837a000)]
  0x00007f4d8400b000 JavaThread "main" [_thread_blocked, id=3482, stack(0x00007f4d8cd3b000,0x00007f4d8ce3c000)]

Other Threads:
  0x00007f4d84132000 VMThread [stack: 0x00007f4d8837a000,0x00007f4d8847b000] [id=3487]
  0x00007f4d84171800 WatcherThread [stack: 0x00007f4d80518000,0x00007f4d80619000] [id=3494]

=>0x00007f4d84021000 (exited) GCTaskThread [stack: 0x00007f4d89b91000,0x00007f4d89c92000] [id=3483]

VM state:at safepoint (normal execution)

VM Mutex/Monitor currently owned by a thread:  ([mutex/lock_event])
[0x00007f4d84007880] Threads_lock - owner thread: 0x00007f4d84132000
[0x00007f4d84007d80] Heap_lock - owner thread: 0x00007f4d8400b000

Heap
 PSYoungGen      total 316416K, used 304463K [0x00000000eaa80000, 0x0000000100000000, 0x0000000100000000)
  eden space 282624K, 100% used [0x00000000eaa80000,0x00000000fbe80000,0x00000000fbe80000)
  from space 33792K, 64% used [0x00000000fdf00000,0x00000000ff453c38,0x0000000100000000)
  to   space 33280K, 84% used [0x00000000fbe80000,0x00000000fd9d4510,0x00000000fdf00000)
 ParOldGen       total 118784K, used 90114K [0x00000000c0000000, 0x00000000c7400000, 0x00000000eaa80000)
  object space 118784K, 75% used [0x00000000c0000000,0x00000000c58008d8,0x00000000c7400000)
 PSPermGen       total 21504K, used 7475K [0x00000000bae00000, 0x00000000bc300000, 0x00000000c0000000)
  object space 21504K, 34% used [0x00000000bae00000,0x00000000bb54cf90,0x00000000bc300000)

Card table byte_map: [0x00007f4d89e11000,0x00007f4d8a03b000] byte_map_base: 0x00007f4d8983a000

Polling page: 0x00007f4d8ce5a000

Code Cache  [0x00007f4d81000000, 0x00007f4d814a0000, 0x00007f4d84000000)
 total_blobs=1685 nmethods=1431 adapters=207 free_code_cache=44530Kb largest_free_block=45516160

Compilation events (10 events):
Event: 11.688 Thread 0x00007f4d84169800 nmethod 1460 0x00007f4d8125ce90 code [0x00007f4d8125d000, 0x00007f4d8125d150]
Event: 11.689 Thread 0x00007f4d84169800 1461             com.android.dx.merge.DexMerger::transformStaticValues (51 bytes)
Event: 11.695 Thread 0x00007f4d8416c800 nmethod 1456 0x00007f4d81356890 code [0x00007f4d81356b00, 0x00007f4d81357770]
Event: 11.703 Thread 0x00007f4d84169800 nmethod 1461 0x00007f4d8134ad90 code [0x00007f4d8134afc0, 0x00007f4d8134b9f0]
Event: 11.828 Thread 0x00007f4d84169800 1463             com.android.dx.io.instructions.InstructionCodec$23::encode (37 bytes)
Event: 11.828 Thread 0x00007f4d8416c800 1462             com.android.dx.io.instructions.InstructionCodec$23::decode (87 bytes)
Event: 11.831 Thread 0x00007f4d84169800 nmethod 1463 0x00007f4d813a1950 code [0x00007f4d813a1ac0, 0x00007f4d813a1c98]
Event: 11.833 Thread 0x00007f4d8416c800 nmethod 1462 0x00007f4d8136dfd0 code [0x00007f4d8136e160, 0x00007f4d8136e608]
Event: 12.209 Thread 0x00007f4d84169800 1464             java.util.TimSort::mergeLo (655 bytes)
Event: 12.237 Thread 0x00007f4d84169800 nmethod 1464 0x00007f4d81495450 code [0x00007f4d81495640, 0x00007f4d81496e98]

GC Heap History (10 events):
Event: 10.541 GC heap after
Heap after GC invocations=9 (full 0):
 PSYoungGen      total 316928K, used 27281K [0x00000000eaa80000, 0x0000000100000000, 0x0000000100000000)
  eden space 289280K, 0% used [0x00000000eaa80000,0x00000000eaa80000,0x00000000fc500000)
  from space 27648K, 98% used [0x00000000fc500000,0x00000000fdfa4440,0x00000000fe000000)
  to   space 32768K, 0% used [0x00000000fe000000,0x00000000fe000000,0x0000000100000000)
 ParOldGen       total 83456K, used 61108K [0x00000000c0000000, 0x00000000c5180000, 0x00000000eaa80000)
  object space 83456K, 73% used [0x00000000c0000000,0x00000000c3bad3f0,0x00000000c5180000)
 PSPermGen       total 21504K, used 7477K [0x00000000bae00000, 0x00000000bc300000, 0x00000000c0000000)
  object space 21504K, 34% used [0x00000000bae00000,0x00000000bb54d6a8,0x00000000bc300000)
}
Event: 10.977 GC heap before
{Heap before GC invocations=10 (full 0):
 PSYoungGen      total 316928K, used 310882K [0x00000000eaa80000, 0x0000000100000000, 0x0000000100000000)
  eden space 289280K, 98% used [0x00000000eaa80000,0x00000000fbf746a0,0x00000000fc500000)
  from space 27648K, 98% used [0x00000000fc500000,0x00000000fdfa4440,0x00000000fe000000)
  to   space 32768K, 0% used [0x00000000fe000000,0x00000000fe000000,0x0000000100000000)
 ParOldGen       total 83456K, used 61108K [0x00000000c0000000, 0x00000000c5180000, 0x00000000eaa80000)
  object space 83456K, 73% used [0x00000000c0000000,0x00000000c3bad3f0,0x00000000c5180000)
 PSPermGen       total 21504K, used 7478K [0x00000000bae00000, 0x00000000bc300000, 0x00000000c0000000)
  object space 21504K, 34% used [0x00000000bae00000,0x00000000bb54daa0,0x00000000bc300000)
Event: 10.996 GC heap after
Heap after GC invocations=10 (full 0):
 PSYoungGen      total 317440K, used 14627K [0x00000000eaa80000, 0x0000000100000000, 0x0000000100000000)
  eden space 284672K, 0% used [0x00000000eaa80000,0x00000000eaa80000,0x00000000fc080000)
  from space 32768K, 44% used [0x00000000fe000000,0x00000000fee48d08,0x0000000100000000)
  to   space 32256K, 0% used [0x00000000fc080000,0x00000000fc080000,0x00000000fe000000)
 ParOldGen       total 83456K, used 75964K [0x00000000c0000000, 0x00000000c5180000, 0x00000000eaa80000)
  object space 83456K, 91% used [0x00000000c0000000,0x00000000c4a2f238,0x00000000c5180000)
 PSPermGen       total 21504K, used 7478K [0x00000000bae00000, 0x00000000bc300000, 0x00000000c0000000)
  object space 21504K, 34% used [0x00000000bae00000,0x00000000bb54daa0,0x00000000bc300000)
}
Event: 10.996 GC heap before
{Heap before GC invocations=11 (full 1):
 PSYoungGen      total 317440K, used 14627K [0x00000000eaa80000, 0x0000000100000000, 0x0000000100000000)
  eden space 284672K, 0% used [0x00000000eaa80000,0x00000000eaa80000,0x00000000fc080000)
  from space 32768K, 44% used [0x00000000fe000000,0x00000000fee48d08,0x0000000100000000)
  to   space 32256K, 0% used [0x00000000fc080000,0x00000000fc080000,0x00000000fe000000)
 ParOldGen       total 83456K, used 75964K [0x00000000c0000000, 0x00000000c5180000, 0x00000000eaa80000)
  object space 83456K, 91% used [0x00000000c0000000,0x00000000c4a2f238,0x00000000c5180000)
 PSPermGen       total 21504K, used 7478K [0x00000000bae00000, 0x00000000bc300000, 0x00000000c0000000)
  object space 21504K, 34% used [0x00000000bae00000,0x00000000bb54daa0,0x00000000bc300000)
Event: 11.231 GC heap after
Heap after GC invocations=11 (full 1):
 PSYoungGen      total 317440K, used 0K [0x00000000eaa80000, 0x0000000100000000, 0x0000000100000000)
  eden space 284672K, 0% used [0x00000000eaa80000,0x00000000eaa80000,0x00000000fc080000)
  from space 32768K, 0% used [0x00000000fe000000,0x00000000fe000000,0x0000000100000000)
  to   space 32256K, 0% used [0x00000000fc080000,0x00000000fc080000,0x00000000fe000000)
 ParOldGen       total 118784K, used 54860K [0x00000000c0000000, 0x00000000c7400000, 0x00000000eaa80000)
  object space 118784K, 46% used [0x00000000c0000000,0x00000000c3593008,0x00000000c7400000)
 PSPermGen       total 21504K, used 7472K [0x00000000bae00000, 0x00000000bc300000, 0x00000000c0000000)
  object space 21504K, 34% used [0x00000000bae00000,0x00000000bb54c268,0x00000000bc300000)
}
Event: 11.637 GC heap before
{Heap before GC invocations=12 (full 1):
 PSYoungGen      total 317440K, used 284672K [0x00000000eaa80000, 0x0000000100000000, 0x0000000100000000)
  eden space 284672K, 100% used [0x00000000eaa80000,0x00000000fc080000,0x00000000fc080000)
  from space 32768K, 0% used [0x00000000fe000000,0x00000000fe000000,0x0000000100000000)
  to   space 32256K, 0% used [0x00000000fc080000,0x00000000fc080000,0x00000000fe000000)
 ParOldGen       total 118784K, used 54860K [0x00000000c0000000, 0x00000000c7400000, 0x00000000eaa80000)
  object space 118784K, 46% used [0x00000000c0000000,0x00000000c3593008,0x00000000c7400000)
 PSPermGen       total 21504K, used 7473K [0x00000000bae00000, 0x00000000bc300000, 0x00000000c0000000)
  object space 21504K, 34% used [0x00000000bae00000,0x00000000bb54c408,0x00000000bc300000)
Event: 11.644 GC heap after
Heap after GC invocations=12 (full 1):
 PSYoungGen      total 311808K, used 26777K [0x00000000eaa80000, 0x0000000100000000, 0x0000000100000000)
  eden space 284672K, 0% used [0x00000000eaa80000,0x00000000eaa80000,0x00000000fc080000)
  from space 27136K, 98% used [0x00000000fc080000,0x00000000fdaa6648,0x00000000fdb00000)
  to   space 33792K, 0% used [0x00000000fdf00000,0x00000000fdf00000,0x0000000100000000)
 ParOldGen       total 118784K, used 69527K [0x00000000c0000000, 0x00000000c7400000, 0x00000000eaa80000)
  object space 118784K, 58% used [0x00000000c0000000,0x00000000c43e5e08,0x00000000c7400000)
 PSPermGen       total 21504K, used 7473K [0x00000000bae00000, 0x00000000bc300000, 0x00000000c0000000)
  object space 21504K, 34% used [0x00000000bae00000,0x00000000bb54c408,0x00000000bc300000)
}
Event: 12.064 GC heap before
{Heap before GC invocations=13 (full 1):
 PSYoungGen      total 311808K, used 311449K [0x00000000eaa80000, 0x0000000100000000, 0x0000000100000000)
  eden space 284672K, 100% used [0x00000000eaa80000,0x00000000fc080000,0x00000000fc080000)
  from space 27136K, 98% used [0x00000000fc080000,0x00000000fdaa6648,0x00000000fdb00000)
  to   space 33792K, 0% used [0x00000000fdf00000,0x00000000fdf00000,0x0000000100000000)
 ParOldGen       total 118784K, used 69527K [0x00000000c0000000, 0x00000000c7400000, 0x00000000eaa80000)
  object space 118784K, 58% used [0x00000000c0000000,0x00000000c43e5e08,0x00000000c7400000)
 PSPermGen       total 21504K, used 7473K [0x00000000bae00000, 0x00000000bc300000, 0x00000000c0000000)
  object space 21504K, 34% used [0x00000000bae00000,0x00000000bb54c680,0x00000000bc300000)
Event: 12.072 GC heap after
Heap after GC invocations=13 (full 1):
 PSYoungGen      total 316416K, used 21839K [0x00000000eaa80000, 0x0000000100000000, 0x0000000100000000)
  eden space 282624K, 0% used [0x00000000eaa80000,0x00000000eaa80000,0x00000000fbe80000)
  from space 33792K, 64% used [0x00000000fdf00000,0x00000000ff453c38,0x0000000100000000)
  to   space 33280K, 0% used [0x00000000fbe80000,0x00000000fbe80000,0x00000000fdf00000)
 ParOldGen       total 118784K, used 82687K [0x00000000c0000000, 0x00000000c7400000, 0x00000000eaa80000)
  object space 118784K, 69% used [0x00000000c0000000,0x00000000c50bfdc0,0x00000000c7400000)
 PSPermGen       total 21504K, used 7473K [0x00000000bae00000, 0x00000000bc300000, 0x00000000c0000000)
  object space 21504K, 34% used [0x00000000bae00000,0x00000000bb54c680,0x00000000bc300000)
}
Event: 12.466 GC heap before
{Heap before GC invocations=14 (full 1):
 PSYoungGen      total 316416K, used 304463K [0x00000000eaa80000, 0x0000000100000000, 0x0000000100000000)
  eden space 282624K, 100% used [0x00000000eaa80000,0x00000000fbe80000,0x00000000fbe80000)
  from space 33792K, 64% used [0x00000000fdf00000,0x00000000ff453c38,0x0000000100000000)
  to   space 33280K, 0% used [0x00000000fbe80000,0x00000000fbe80000,0x00000000fdf00000)
 ParOldGen       total 118784K, used 82687K [0x00000000c0000000, 0x00000000c7400000, 0x00000000eaa80000)
  object space 118784K, 69% used [0x00000000c0000000,0x00000000c50bfdc0,0x00000000c7400000)
 PSPermGen       total 21504K, used 7475K [0x00000000bae00000, 0x00000000bc300000, 0x00000000c0000000)
  object space 21504K, 34% used [0x00000000bae00000,0x00000000bb54cf90,0x00000000bc300000)

Deoptimization events (10 events):
Event: 9.736 Thread 0x00007f4d8400b000 Uncommon trap: reason=array_check action=maybe_recompile pc=0x00007f4d81432f14 method=java.util.TimSort.binarySort([Ljava/lang/Object;IIILjava/util/Comparator;)V @ 215
Event: 9.736 Thread 0x00007f4d8400b000 Uncommon trap: reason=array_check action=maybe_recompile pc=0x00007f4d81432f14 method=java.util.TimSort.binarySort([Ljava/lang/Object;IIILjava/util/Comparator;)V @ 215
Event: 9.837 Thread 0x00007f4d8400b000 Uncommon trap: reason=array_check action=maybe_recompile pc=0x00007f4d814215b4 method=java.util.ComparableTimSort.binarySort([Ljava/lang/Object;III)V @ 215
Event: 9.996 Thread 0x00007f4d8400b000 Uncommon trap: reason=array_check action=maybe_recompile pc=0x00007f4d8143b5f0 method=java.util.ComparableTimSort.binarySort([Ljava/lang/Object;III)V @ 183
Event: 10.096 Thread 0x00007f4d8400b000 Uncommon trap: reason=array_check action=maybe_recompile pc=0x00007f4d8143b5f0 method=java.util.ComparableTimSort.binarySort([Ljava/lang/Object;III)V @ 183
Event: 10.113 Thread 0x00007f4d8400b000 Uncommon trap: reason=unloaded action=reinterpret pc=0x00007f4d813ebb70 method=com.android.dx.merge.IndexMap$EncodedValueTransformer.transform(Lcom/android/dex/EncodedValueReader;)V @ 263
Event: 12.346 Thread 0x00007f4d8400b000 Uncommon trap: reason=array_check action=maybe_recompile pc=0x00007f4d8149693c method=java.util.TimSort.mergeLo(IIII)V @ 77
Event: 12.346 Thread 0x00007f4d8400b000 Uncommon trap: reason=array_check action=maybe_recompile pc=0x00007f4d8149693c method=java.util.TimSort.mergeLo(IIII)V @ 77
Event: 12.346 Thread 0x00007f4d8400b000 Uncommon trap: reason=array_check action=maybe_recompile pc=0x00007f4d8149693c method=java.util.TimSort.mergeLo(IIII)V @ 77
Event: 12.346 Thread 0x00007f4d8400b000 Uncommon trap: reason=array_check action=maybe_recompile pc=0x00007f4d8149693c method=java.util.TimSort.mergeLo(IIII)V @ 77

Internal exceptions (10 events):
Event: 8.818 Thread 0x00007f4d8400b000 Threw 0x00000000f8593ce0 at /HUDSON/workspace/7u-2-build-linux-amd64/jdk7u65/1224/hotspot/src/share/vm/prims/jvm.cpp:1244
Event: 8.818 Thread 0x00007f4d8400b000 Threw 0x00000000f8596eb0 at /HUDSON/workspace/7u-2-build-linux-amd64/jdk7u65/1224/hotspot/src/share/vm/prims/jvm.cpp:1244
Event: 8.818 Thread 0x00007f4d8400b000 Threw 0x00000000f859a580 at /HUDSON/workspace/7u-2-build-linux-amd64/jdk7u65/1224/hotspot/src/share/vm/prims/jvm.cpp:1244
Event: 8.820 Thread 0x00007f4d8400b000 Threw 0x00000000f85e1a10 at /HUDSON/workspace/7u-2-build-linux-amd64/jdk7u65/1224/hotspot/src/share/vm/prims/jvm.cpp:1244
Event: 8.821 Thread 0x00007f4d8400b000 Threw 0x00000000f85e3df8 at /HUDSON/workspace/7u-2-build-linux-amd64/jdk7u65/1224/hotspot/src/share/vm/prims/jvm.cpp:1244
Event: 9.000 Thread 0x00007f4d8400b000 Threw 0x00000000f8faef20 at /HUDSON/workspace/7u-2-build-linux-amd64/jdk7u65/1224/hotspot/src/share/vm/prims/jvm.cpp:1244
Event: 9.000 Thread 0x00007f4d8400b000 Threw 0x00000000f8faf048 at /HUDSON/workspace/7u-2-build-linux-amd64/jdk7u65/1224/hotspot/src/share/vm/prims/jvm.cpp:1244
Event: 9.000 Thread 0x00007f4d8400b000 Threw 0x00000000f8fb13b8 at /HUDSON/workspace/7u-2-build-linux-amd64/jdk7u65/1224/hotspot/src/share/vm/prims/jvm.cpp:1244
Event: 9.000 Thread 0x00007f4d8400b000 Threw 0x00000000f8fb14e0 at /HUDSON/workspace/7u-2-build-linux-amd64/jdk7u65/1224/hotspot/src/share/vm/prims/jvm.cpp:1244
Event: 9.086 Thread 0x00007f4d8400b000 Threw 0x00000000f96b8ac0 at /HUDSON/workspace/7u-2-build-linux-amd64/jdk7u65/1224/hotspot/src/share/vm/prims/jvm.cpp:1244

Events (10 events):
Event: 12.346 Thread 0x00007f4d8400b000 Uncommon trap: trap_request=0xffffffd6 fr.pc=0x00007f4d8149693c
Event: 12.346 Thread 0x00007f4d8400b000 DEOPT PACKING pc=0x00007f4d8149693c sp=0x00007f4d8ce3a300
Event: 12.346 Thread 0x00007f4d8400b000 DEOPT UNPACKING pc=0x00007f4d81039445 sp=0x00007f4d8ce3a300 mode 2
Event: 12.346 Thread 0x00007f4d8400b000 Uncommon trap: trap_request=0xffffffd6 fr.pc=0x00007f4d8149693c
Event: 12.346 Thread 0x00007f4d8400b000 DEOPT PACKING pc=0x00007f4d8149693c sp=0x00007f4d8ce3a300
Event: 12.346 Thread 0x00007f4d8400b000 DEOPT UNPACKING pc=0x00007f4d81039445 sp=0x00007f4d8ce3a300 mode 2
Event: 12.346 Thread 0x00007f4d8400b000 Uncommon trap: trap_request=0xffffffd6 fr.pc=0x00007f4d8149693c
Event: 12.346 Thread 0x00007f4d8400b000 DEOPT PACKING pc=0x00007f4d8149693c sp=0x00007f4d8ce3a300
Event: 12.346 Thread 0x00007f4d8400b000 DEOPT UNPACKING pc=0x00007f4d81039445 sp=0x00007f4d8ce3a300 mode 2
Event: 12.466 Executing VM operation: ParallelGCFailedAllocation


Dynamic libraries:
00400000-00401000 r-xp 00000000 08:01 3285753                            /usr/lib/jvm/java-7-oracle/jre/bin/java
00600000-00601000 rw-p 00000000 08:01 3285753                            /usr/lib/jvm/java-7-oracle/jre/bin/java
0145b000-0147c000 rw-p 00000000 00:00 0                                  [heap]
bae00000-bc300000 rw-p 00000000 00:00 0 
bc300000-c0000000 rw-p 00000000 00:00 0 
c0000000-c7400000 rw-p 00000000 00:00 0 
c7400000-eaa80000 rw-p 00000000 00:00 0 
eaa80000-100000000 rw-p 00000000 00:00 0 
7f4d34000000-7f4d3403e000 rw-p 00000000 00:00 0 
7f4d3403e000-7f4d38000000 ---p 00000000 00:00 0 
7f4d38000000-7f4d3805c000 rw-p 00000000 00:00 0 
7f4d3805c000-7f4d3c000000 ---p 00000000 00:00 0 
7f4d3c000000-7f4d3c057000 rw-p 00000000 00:00 0 
7f4d3c057000-7f4d40000000 ---p 00000000 00:00 0 
7f4d40000000-7f4d4005a000 rw-p 00000000 00:00 0 
7f4d4005a000-7f4d44000000 ---p 00000000 00:00 0 
7f4d44000000-7f4d44021000 rw-p 00000000 00:00 0 
7f4d44021000-7f4d48000000 ---p 00000000 00:00 0 
7f4d48000000-7f4d48021000 rw-p 00000000 00:00 0 
7f4d48021000-7f4d4c000000 ---p 00000000 00:00 0 
7f4d4c000000-7f4d4d4e9000 rw-p 00000000 00:00 0 
7f4d4d4e9000-7f4d50000000 ---p 00000000 00:00 0 
7f4d50000000-7f4d51b9e000 rw-p 00000000 00:00 0 
7f4d51b9e000-7f4d54000000 ---p 00000000 00:00 0 
7f4d54000000-7f4d54021000 rw-p 00000000 00:00 0 
7f4d54021000-7f4d58000000 ---p 00000000 00:00 0 
7f4d58000000-7f4d58021000 rw-p 00000000 00:00 0 
7f4d58021000-7f4d5c000000 ---p 00000000 00:00 0 
7f4d5c000000-7f4d5c021000 rw-p 00000000 00:00 0 
7f4d5c021000-7f4d60000000 ---p 00000000 00:00 0 
7f4d60000000-7f4d60021000 rw-p 00000000 00:00 0 
7f4d60021000-7f4d64000000 ---p 00000000 00:00 0 
7f4d64000000-7f4d64021000 rw-p 00000000 00:00 0 
7f4d64021000-7f4d68000000 ---p 00000000 00:00 0 
7f4d6c000000-7f4d6c021000 rw-p 00000000 00:00 0 
7f4d6c021000-7f4d70000000 ---p 00000000 00:00 0 
7f4d74000000-7f4d74021000 rw-p 00000000 00:00 0 
7f4d74021000-7f4d78000000 ---p 00000000 00:00 0 
7f4d79948000-7f4d7995e000 r-xp 00000000 08:01 3159308                    /usr/lib/jvm/java-7-oracle/jre/lib/amd64/libnet.so
7f4d7995e000-7f4d79b5e000 ---p 00016000 08:01 3159308                    /usr/lib/jvm/java-7-oracle/jre/lib/amd64/libnet.so
7f4d79b5e000-7f4d79b5f000 rw-p 00016000 08:01 3159308                    /usr/lib/jvm/java-7-oracle/jre/lib/amd64/libnet.so
7f4d79b5f000-7f4d79b6f000 r-xp 00000000 08:01 3159309                    /usr/lib/jvm/java-7-oracle/jre/lib/amd64/libnio.so
7f4d79b6f000-7f4d79d6f000 ---p 00010000 08:01 3159309                    /usr/lib/jvm/java-7-oracle/jre/lib/amd64/libnio.so
7f4d79d6f000-7f4d79d70000 rw-p 00010000 08:01 3159309                    /usr/lib/jvm/java-7-oracle/jre/lib/amd64/libnio.so
7f4d79d70000-7f4d7c000000 rw-p 00000000 00:00 0 
7f4d7c000000-7f4d7c260000 rw-p 00000000 00:00 0 
7f4d7c260000-7f4d80000000 ---p 00000000 00:00 0 
7f4d80114000-7f4d80117000 ---p 00000000 00:00 0 
7f4d80117000-7f4d80215000 rw-p 00000000 00:00 0 
7f4d80215000-7f4d80218000 ---p 00000000 00:00 0 
7f4d80218000-7f4d80316000 rw-p 00000000 00:00 0 
7f4d80316000-7f4d80319000 ---p 00000000 00:00 0 
7f4d80319000-7f4d80417000 rw-p 00000000 00:00 0 
7f4d80417000-7f4d8041a000 ---p 00000000 00:00 0 
7f4d8041a000-7f4d80518000 rw-p 00000000 00:00 0 
7f4d80518000-7f4d80519000 ---p 00000000 00:00 0 
7f4d80519000-7f4d80619000 rw-p 00000000 00:00 0                          [stack:3494]
7f4d80619000-7f4d8061c000 ---p 00000000 00:00 0 
7f4d8061c000-7f4d8071a000 rw-p 00000000 00:00 0                          [stack:3493]
7f4d8071a000-7f4d8071d000 ---p 00000000 00:00 0 
7f4d8071d000-7f4d8081b000 rw-p 00000000 00:00 0                          [stack:3492]
7f4d8081b000-7f4d8081e000 ---p 00000000 00:00 0 
7f4d8081e000-7f4d8091c000 rw-p 00000000 00:00 0                          [stack:3491]
7f4d8091c000-7f4d81000000 r--p 00000000 08:01 3146542                    /usr/lib/locale/locale-archive
7f4d81000000-7f4d814a0000 rwxp 00000000 00:00 0 
7f4d814a0000-7f4d84268000 rw-p 00000000 00:00 0 
7f4d84268000-7f4d88000000 ---p 00000000 00:00 0 
7f4d88077000-7f4d8807a000 ---p 00000000 00:00 0 
7f4d8807a000-7f4d88178000 rw-p 00000000 00:00 0                          [stack:3490]
7f4d88178000-7f4d8817b000 ---p 00000000 00:00 0 
7f4d8817b000-7f4d88279000 rw-p 00000000 00:00 0                          [stack:3489]
7f4d88279000-7f4d8827c000 ---p 00000000 00:00 0 
7f4d8827c000-7f4d8837a000 rw-p 00000000 00:00 0                          [stack:3488]
7f4d8837a000-7f4d8837b000 ---p 00000000 00:00 0 
7f4d8837b000-7f4d893d5000 rw-p 00000000 00:00 0                          [stack:3487]
7f4d893d5000-7f4d89594000 r--s 039e5000 08:01 3159214                    /usr/lib/jvm/java-7-oracle/jre/lib/rt.jar
7f4d89594000-7f4d8988e000 rw-p 00000000 00:00 0 
7f4d8988e000-7f4d8988f000 ---p 00000000 00:00 0 
7f4d8988f000-7f4d8998f000 rw-p 00000000 00:00 0                          [stack:3486]
7f4d8998f000-7f4d89990000 ---p 00000000 00:00 0 
7f4d89990000-7f4d89a90000 rw-p 00000000 00:00 0                          [stack:3485]
7f4d89a90000-7f4d89a91000 ---p 00000000 00:00 0 
7f4d89a91000-7f4d89b91000 rw-p 00000000 00:00 0                          [stack:3484]
7f4d89b91000-7f4d89b92000 ---p 00000000 00:00 0 
7f4d89b92000-7f4d89c9d000 rw-p 00000000 00:00 0                          [stack:3483]
7f4d89c9d000-7f4d89cbb000 rw-p 00000000 00:00 0 
7f4d89cbb000-7f4d89cf5000 rw-p 00000000 00:00 0 
7f4d89cf5000-7f4d89e11000 rw-p 00000000 00:00 0 
7f4d89e11000-7f4d89e1c000 rw-p 00000000 00:00 0 
7f4d89e1c000-7f4d89e3a000 rw-p 00000000 00:00 0 
7f4d89e3a000-7f4d89e74000 rw-p 00000000 00:00 0 
7f4d89e74000-7f4d89f8f000 rw-p 00000000 00:00 0 
7f4d89f8f000-7f4d8a03a000 rw-p 00000000 00:00 0 
7f4d8a03a000-7f4d8a03b000 rw-p 00000000 00:00 0 
7f4d8a03b000-7f4d8a055000 r-xp 00000000 08:01 3159235                    /usr/lib/jvm/java-7-oracle/jre/lib/amd64/libzip.so
7f4d8a055000-7f4d8a255000 ---p 0001a000 08:01 3159235                    /usr/lib/jvm/java-7-oracle/jre/lib/amd64/libzip.so
7f4d8a255000-7f4d8a256000 rw-p 0001a000 08:01 3159235                    /usr/lib/jvm/java-7-oracle/jre/lib/amd64/libzip.so
7f4d8a256000-7f4d8a262000 r-xp 00000000 08:01 3401331                    /lib/x86_64-linux-gnu/libnss_files-2.15.so
7f4d8a262000-7f4d8a461000 ---p 0000c000 08:01 3401331                    /lib/x86_64-linux-gnu/libnss_files-2.15.so
7f4d8a461000-7f4d8a462000 r--p 0000b000 08:01 3401331                    /lib/x86_64-linux-gnu/libnss_files-2.15.so
7f4d8a462000-7f4d8a463000 rw-p 0000c000 08:01 3401331                    /lib/x86_64-linux-gnu/libnss_files-2.15.so
7f4d8a463000-7f4d8a46d000 r-xp 00000000 08:01 3401335                    /lib/x86_64-linux-gnu/libnss_nis-2.15.so
7f4d8a46d000-7f4d8a66d000 ---p 0000a000 08:01 3401335                    /lib/x86_64-linux-gnu/libnss_nis-2.15.so
7f4d8a66d000-7f4d8a66e000 r--p 0000a000 08:01 3401335                    /lib/x86_64-linux-gnu/libnss_nis-2.15.so
7f4d8a66e000-7f4d8a66f000 rw-p 0000b000 08:01 3401335                    /lib/x86_64-linux-gnu/libnss_nis-2.15.so
7f4d8a66f000-7f4d8a686000 r-xp 00000000 08:01 3405450                    /lib/x86_64-linux-gnu/libnsl-2.15.so
7f4d8a686000-7f4d8a885000 ---p 00017000 08:01 3405450                    /lib/x86_64-linux-gnu/libnsl-2.15.so
7f4d8a885000-7f4d8a886000 r--p 00016000 08:01 3405450                    /lib/x86_64-linux-gnu/libnsl-2.15.so
7f4d8a886000-7f4d8a887000 rw-p 00017000 08:01 3405450                    /lib/x86_64-linux-gnu/libnsl-2.15.so
7f4d8a887000-7f4d8a889000 rw-p 00000000 00:00 0 
7f4d8a889000-7f4d8a891000 r-xp 00000000 08:01 3401329                    /lib/x86_64-linux-gnu/libnss_compat-2.15.so
7f4d8a891000-7f4d8aa90000 ---p 00008000 08:01 3401329                    /lib/x86_64-linux-gnu/libnss_compat-2.15.so
7f4d8aa90000-7f4d8aa91000 r--p 00007000 08:01 3401329                    /lib/x86_64-linux-gnu/libnss_compat-2.15.so
7f4d8aa91000-7f4d8aa92000 rw-p 00008000 08:01 3401329                    /lib/x86_64-linux-gnu/libnss_compat-2.15.so
7f4d8aa92000-7f4d8aabb000 r-xp 00000000 08:01 3159261                    /usr/lib/jvm/java-7-oracle/jre/lib/amd64/libjava.so
7f4d8aabb000-7f4d8acbb000 ---p 00029000 08:01 3159261                    /usr/lib/jvm/java-7-oracle/jre/lib/amd64/libjava.so
7f4d8acbb000-7f4d8acbd000 rw-p 00029000 08:01 3159261                    /usr/lib/jvm/java-7-oracle/jre/lib/amd64/libjava.so
7f4d8acbd000-7f4d8acca000 r-xp 00000000 08:01 3159260                    /usr/lib/jvm/java-7-oracle/jre/lib/amd64/libverify.so
7f4d8acca000-7f4d8aec9000 ---p 0000d000 08:01 3159260                    /usr/lib/jvm/java-7-oracle/jre/lib/amd64/libverify.so
7f4d8aec9000-7f4d8aecb000 rw-p 0000c000 08:01 3159260                    /usr/lib/jvm/java-7-oracle/jre/lib/amd64/libverify.so
7f4d8aecb000-7f4d8aed2000 r-xp 00000000 08:01 3401334                    /lib/x86_64-linux-gnu/librt-2.15.so
7f4d8aed2000-7f4d8b0d1000 ---p 00007000 08:01 3401334                    /lib/x86_64-linux-gnu/librt-2.15.so
7f4d8b0d1000-7f4d8b0d2000 r--p 00006000 08:01 3401334                    /lib/x86_64-linux-gnu/librt-2.15.so
7f4d8b0d2000-7f4d8b0d3000 rw-p 00007000 08:01 3401334                    /lib/x86_64-linux-gnu/librt-2.15.so
7f4d8b0d3000-7f4d8b1ce000 r-xp 00000000 08:01 3401338                    /lib/x86_64-linux-gnu/libm-2.15.so
7f4d8b1ce000-7f4d8b3cd000 ---p 000fb000 08:01 3401338                    /lib/x86_64-linux-gnu/libm-2.15.so
7f4d8b3cd000-7f4d8b3ce000 r--p 000fa000 08:01 3401338                    /lib/x86_64-linux-gnu/libm-2.15.so
7f4d8b3ce000-7f4d8b3cf000 rw-p 000fb000 08:01 3401338                    /lib/x86_64-linux-gnu/libm-2.15.so
7f4d8b3cf000-7f4d8bf3f000 r-xp 00000000 08:01 3159291                    /usr/lib/jvm/java-7-oracle/jre/lib/amd64/server/libjvm.so
7f4d8bf3f000-7f4d8c13e000 ---p 00b70000 08:01 3159291                    /usr/lib/jvm/java-7-oracle/jre/lib/amd64/server/libjvm.so
7f4d8c13e000-7f4d8c203000 rw-p 00b6f000 08:01 3159291                    /usr/lib/jvm/java-7-oracle/jre/lib/amd64/server/libjvm.so
7f4d8c203000-7f4d8c243000 rw-p 00000000 00:00 0 
7f4d8c243000-7f4d8c3f8000 r-xp 00000000 08:01 3401227                    /lib/x86_64-linux-gnu/libc-2.15.so
7f4d8c3f8000-7f4d8c5f8000 ---p 001b5000 08:01 3401227                    /lib/x86_64-linux-gnu/libc-2.15.so
7f4d8c5f8000-7f4d8c5fc000 r--p 001b5000 08:01 3401227                    /lib/x86_64-linux-gnu/libc-2.15.so
7f4d8c5fc000-7f4d8c5fe000 rw-p 001b9000 08:01 3401227                    /lib/x86_64-linux-gnu/libc-2.15.so
7f4d8c5fe000-7f4d8c603000 rw-p 00000000 00:00 0 
7f4d8c603000-7f4d8c605000 r-xp 00000000 08:01 3401342                    /lib/x86_64-linux-gnu/libdl-2.15.so
7f4d8c605000-7f4d8c805000 ---p 00002000 08:01 3401342                    /lib/x86_64-linux-gnu/libdl-2.15.so
7f4d8c805000-7f4d8c806000 r--p 00002000 08:01 3401342                    /lib/x86_64-linux-gnu/libdl-2.15.so
7f4d8c806000-7f4d8c807000 rw-p 00003000 08:01 3401342                    /lib/x86_64-linux-gnu/libdl-2.15.so
7f4d8c807000-7f4d8c81d000 r-xp 00000000 08:01 3159280                    /usr/lib/jvm/java-7-oracle/jre/lib/amd64/jli/libjli.so
7f4d8c81d000-7f4d8ca1d000 ---p 00016000 08:01 3159280                    /usr/lib/jvm/java-7-oracle/jre/lib/amd64/jli/libjli.so
7f4d8ca1d000-7f4d8ca1e000 rw-p 00016000 08:01 3159280                    /usr/lib/jvm/java-7-oracle/jre/lib/amd64/jli/libjli.so
7f4d8ca1e000-7f4d8ca36000 r-xp 00000000 08:01 3401336                    /lib/x86_64-linux-gnu/libpthread-2.15.so
7f4d8ca36000-7f4d8cc35000 ---p 00018000 08:01 3401336                    /lib/x86_64-linux-gnu/libpthread-2.15.so
7f4d8cc35000-7f4d8cc36000 r--p 00017000 08:01 3401336                    /lib/x86_64-linux-gnu/libpthread-2.15.so
7f4d8cc36000-7f4d8cc37000 rw-p 00018000 08:01 3401336                    /lib/x86_64-linux-gnu/libpthread-2.15.so
7f4d8cc37000-7f4d8cc3b000 rw-p 00000000 00:00 0 
7f4d8cc3b000-7f4d8cc5d000 r-xp 00000000 08:01 3401339                    /lib/x86_64-linux-gnu/ld-2.15.so
7f4d8cc61000-7f4d8cc65000 r--s 0008a000 08:01 3159158                    /usr/lib/jvm/java-7-oracle/jre/lib/jsse.jar
7f4d8cc65000-7f4d8cc8e000 rw-p 00000000 00:00 0 
7f4d8cc8e000-7f4d8cd3b000 rw-p 00000000 00:00 0 
7f4d8cd3b000-7f4d8cd3e000 ---p 00000000 00:00 0 
7f4d8cd3e000-7f4d8ce40000 rw-p 00000000 00:00 0                          [stack:3482]
7f4d8ce42000-7f4d8ce43000 rw-p 00000000 00:00 0 
7f4d8ce43000-7f4d8ce51000 r--s 000cf000 08:06 14709733                   /home/mukesh/Andriod_En/Android_studio/Studio_En/android-studio/sdk/build-tools/19.1.0/lib/dx.jar
7f4d8ce51000-7f4d8ce59000 rw-s 00000000 08:01 1314513                    /tmp/hsperfdata_mukesh/3474
7f4d8ce59000-7f4d8ce5a000 rw-p 00000000 00:00 0 
7f4d8ce5a000-7f4d8ce5b000 ---p 00000000 00:00 0 
7f4d8ce5b000-7f4d8ce5d000 rw-p 00000000 00:00 0 
7f4d8ce5d000-7f4d8ce5e000 r--p 00022000 08:01 3401339                    /lib/x86_64-linux-gnu/ld-2.15.so
7f4d8ce5e000-7f4d8ce60000 rw-p 00023000 08:01 3401339                    /lib/x86_64-linux-gnu/ld-2.15.so
7fff9a0e1000-7fff9a103000 rw-p 00000000 00:00 0                          [stack]
7fff9a1b2000-7fff9a1b4000 r-xp 00000000 00:00 0                          [vdso]
ffffffffff600000-ffffffffff601000 r-xp 00000000 00:00 0                  [vsyscall]

VM Arguments:
jvm_args: -Xmx1024M 
java_command: /home/mukesh/Andriod_En/Android_studio/Studio_En/android-studio/sdk/build-tools/19.1.0/lib/dx.jar --dex --num-threads=4 --output /home/mukesh/clickAMaster/cLICKINAPP/build/intermediates/dex/debug /home/mukesh/clickAMaster/cLICKINAPP/build/intermediates/classes/debug /home/mukesh/clickAMaster/cLICKINAPP/build/intermediates/dependency-cache/debug /home/mukesh/clickAMaster/cLICKINAPP/build/intermediates/pre-dexed/debug/classes-64547b9f2169248f83e5b4f692895179d1f87d0a.jar /home/mukesh/clickAMaster/cLICKINAPP/build/intermediates/pre-dexed/debug/classes-6bd1a27eaa773b1c10307ad295c5e25696cca659.jar /home/mukesh/clickAMaster/cLICKINAPP/build/intermediates/pre-dexed/debug/java-json-bd9923d17649fd851262c6a6dcbadf860c598267.jar /home/mukesh/clickAMaster/cLICKINAPP/build/intermediates/pre-dexed/debug/classes-afd10542466d96c41bd41a2d027d205e4380c649.jar /home/mukesh/clickAMaster/cLICKINAPP/build/intermediates/pre-dexed/debug/internal_impl-20.0.0-649c718bef7fbf4dfb69a8de322e58190be0c5e1.jar /home/mukesh/clickAMaster/cLICKINAPP/build/intermediates/pre-dexed/debug/classes-4a7ad03fa51ead0179cf55cbb0c9790c0ae0e2c1.jar /home/mukesh/clickAMaster/cLICKINAPP/build/intermediates/pre-dexed/debug/eventbus-2.2.0-8b90ac80ac3943490e5a968c686793d7a34d796e.jar /home/mukesh/clickAMaster/cLICKINAPP/build/intermediates/pre-dexed/debug/classes-da5906a634e5eed8c4a74dbf465eb58b5b20fcd1.jar /home/mukesh/clickAMaster/cLICKINAPP/build/intermediates/pre-dexed/debug/classes-043259a9f91e50a60feee39096a82e27ba6e886f.jar /home/mukesh/clickAMaster/cLICKINAPP/build/intermediates/pre-dexed/debug/classes-342fabb581553898827d3836e12f1866457d9a48.jar /home/mukesh/clickAMaster/cLICKINAPP/build/intermediates/pre-dexed/debug/joda-time-2.5-bcca97ec12ad68cf4ac1d744f94398b80e695367.jar /home/mukesh/clickAMaster/cLICKINAPP/build/intermediates/pre-dexed/debug/classes-220acfa37edf1f772ef9d6635f405e8131f4ec6c.jar /home/mukesh/clickAMaster/cLICKINAPP/build/intermediates/pre-dexed/debug/quickblox-android-1.2.4-
Launcher Type: SUN_STANDARD

Environment Variables:
CLASSPATH=/home/mukesh/New_Android_studio/android-studio/bin/../lib/bootstrap.jar:/home/mukesh/New_Android_studio/android-studio/bin/../lib/extensions.jar:/home/mukesh/New_Android_studio/android-studio/bin/../lib/util.jar:/home/mukesh/New_Android_studio/android-studio/bin/../lib/jdom.jar:/home/mukesh/New_Android_studio/android-studio/bin/../lib/log4j.jar:/home/mukesh/New_Android_studio/android-studio/bin/../lib/trove4j.jar:/home/mukesh/New_Android_studio/android-studio/bin/../lib/jna.jar:/usr/lib/jvm/java-7-oracle/lib/tools.jar
PATH=/usr/lib/lightdm/lightdm:/usr/local/sbin:/usr/local/bin:/usr/sbin:/usr/bin:/sbin:/bin:/usr/games
LD_LIBRARY_PATH=/home/mukesh/New_Android_studio/android-studio/bin:
SHELL=/bin/bash
DISPLAY=:0.0

Signal Handlers:
SIGSEGV: [libjvm.so+0x99f4a0], sa_mask[0]=0x7ffbfeff, sa_flags=0x10000004
SIGBUS: [libjvm.so+0x99f4a0], sa_mask[0]=0x7ffbfeff, sa_flags=0x10000004
SIGFPE: [libjvm.so+0x81a860], sa_mask[0]=0x7ffbfeff, sa_flags=0x10000004
SIGPIPE: [libjvm.so+0x81a860], sa_mask[0]=0x7ffbfeff, sa_flags=0x10000004
SIGXFSZ: [libjvm.so+0x81a860], sa_mask[0]=0x7ffbfeff, sa_flags=0x10000004
SIGILL: [libjvm.so+0x81a860], sa_mask[0]=0x7ffbfeff, sa_flags=0x10000004
SIGUSR1: SIG_DFL, sa_mask[0]=0x00000000, sa_flags=0x00000000
SIGUSR2: [libjvm.so+0x81c060], sa_mask[0]=0x00000004, sa_flags=0x10000004
SIGHUP: [libjvm.so+0x81d160], sa_mask[0]=0x7ffbfeff, sa_flags=0x10000004
SIGINT: [libjvm.so+0x81d160], sa_mask[0]=0x7ffbfeff, sa_flags=0x10000004
SIGTERM: [libjvm.so+0x81d160], sa_mask[0]=0x7ffbfeff, sa_flags=0x10000004
SIGQUIT: [libjvm.so+0x81d160], sa_mask[0]=0x7ffbfeff, sa_flags=0x10000004


---------------  S Y S T E M  ---------------

OS:wheezy/sid

uname:Linux 3.8.0-44-generic #66~precise1-Ubuntu SMP Tue Jul 15 04:01:04 UTC 2014 x86_64
libc:glibc 2.15 NPTL 2.15 
rlimit: STACK 8192k, CORE 0k, NPROC 62673, NOFILE 4096, AS infinity
load average:1.36 0.74 0.74

/proc/meminfo:
MemTotal:        8041392 kB
MemFree:         3664508 kB
Buffers:          141028 kB
Cached:          1312312 kB
SwapCached:            0 kB
Active:          3103052 kB
Inactive:        1002952 kB
Active(anon):    2662140 kB
Inactive(anon):   182012 kB
Active(file):     440912 kB
Inactive(file):   820940 kB
Unevictable:           0 kB
Mlocked:               0 kB
SwapTotal:       7999484 kB
SwapFree:        7999484 kB
Dirty:             41576 kB
Writeback:             0 kB
AnonPages:       2652900 kB
Mapped:           217708 kB
Shmem:            191496 kB
Slab:             139044 kB
SReclaimable:     106576 kB
SUnreclaim:        32468 kB
KernelStack:        4800 kB
PageTables:        40492 kB
NFS_Unstable:          0 kB
Bounce:                0 kB
WritebackTmp:          0 kB
CommitLimit:    12020180 kB
Committed_AS:    5980240 kB
VmallocTotal:   34359738367 kB
VmallocUsed:      355984 kB
VmallocChunk:   34359376860 kB
HardwareCorrupted:     0 kB
AnonHugePages:         0 kB
HugePages_Total:       0
HugePages_Free:        0
HugePages_Rsvd:        0
HugePages_Surp:        0
Hugepagesize:       2048 kB
DirectMap4k:       67584 kB
DirectMap2M:     8228864 kB


CPU:total 4 (2 cores per cpu, 2 threads per core) family 6 model 58 stepping 9, cmov, cx8, fxsr, mmx, sse, sse2, sse3, ssse3, sse4.1, sse4.2, popcnt, avx, aes, erms, ht, tsc, tscinvbit, tscinv

/proc/cpuinfo:
processor	: 0
vendor_id	: GenuineIntel
cpu family	: 6
model		: 58
model name	: Intel(R) Core(TM) i5-3230M CPU @ 2.60GHz
stepping	: 9
microcode	: 0x15
cpu MHz		: 2601.000
cache size	: 3072 KB
physical id	: 0
siblings	: 4
core id		: 0
cpu cores	: 2
apicid		: 0
initial apicid	: 0
fpu		: yes
fpu_exception	: yes
cpuid level	: 13
wp		: yes
flags		: fpu vme de pse tsc msr pae mce cx8 apic sep mtrr pge mca cmov pat pse36 clflush dts acpi mmx fxsr sse sse2 ss ht tm pbe syscall nx rdtscp lm constant_tsc arch_perfmon pebs bts rep_good nopl xtopology nonstop_tsc aperfmperf eagerfpu pni pclmulqdq dtes64 monitor ds_cpl vmx est tm2 ssse3 cx16 xtpr pdcm pcid sse4_1 sse4_2 x2apic popcnt tsc_deadline_timer aes xsave avx f16c rdrand lahf_lm ida arat epb xsaveopt pln pts dtherm tpr_shadow vnmi flexpriority ept vpid fsgsbase smep erms
bogomips	: 5188.01
clflush size	: 64
cache_alignment	: 64
address sizes	: 36 bits physical, 48 bits virtual
power management:

processor	: 1
vendor_id	: GenuineIntel
cpu family	: 6
model		: 58
model name	: Intel(R) Core(TM) i5-3230M CPU @ 2.60GHz
stepping	: 9
microcode	: 0x15
cpu MHz		: 2601.000
cache size	: 3072 KB
physical id	: 0
siblings	: 4
core id		: 1
cpu cores	: 2
apicid		: 2
initial apicid	: 2
fpu		: yes
fpu_exception	: yes
cpuid level	: 13
wp		: yes
flags		: fpu vme de pse tsc msr pae mce cx8 apic sep mtrr pge mca cmov pat pse36 clflush dts acpi mmx fxsr sse sse2 ss ht tm pbe syscall nx rdtscp lm constant_tsc arch_perfmon pebs bts rep_good nopl xtopology nonstop_tsc aperfmperf eagerfpu pni pclmulqdq dtes64 monitor ds_cpl vmx est tm2 ssse3 cx16 xtpr pdcm pcid sse4_1 sse4_2 x2apic popcnt tsc_deadline_timer aes xsave avx f16c rdrand lahf_lm ida arat epb xsaveopt pln pts dtherm tpr_shadow vnmi flexpriority ept vpid fsgsbase smep erms
bogomips	: 5188.01
clflush size	: 64
cache_alignment	: 64
address sizes	: 36 bits physical, 48 bits virtual
power management:

processor	: 2
vendor_id	: GenuineIntel
cpu family	: 6
model		: 58
model name	: Intel(R) Core(TM) i5-3230M CPU @ 2.60GHz
stepping	: 9
microcode	: 0x15
cpu MHz		: 2601.000
cache size	: 3072 KB
physical id	: 0
siblings	: 4
core id		: 0
cpu cores	: 2
apicid		: 1
initial apicid	: 1
fpu		: yes
fpu_exception	: yes
cpuid level	: 13
wp		: yes
flags		: fpu vme de pse tsc msr pae mce cx8 apic sep mtrr pge mca cmov pat pse36 clflush dts acpi mmx fxsr sse sse2 ss ht tm pbe syscall nx rdtscp lm constant_tsc arch_perfmon pebs bts rep_good nopl xtopology nonstop_tsc aperfmperf eagerfpu pni pclmulqdq dtes64 monitor ds_cpl vmx est tm2 ssse3 cx16 xtpr pdcm pcid sse4_1 sse4_2 x2apic popcnt tsc_deadline_timer aes xsave avx f16c rdrand lahf_lm ida arat epb xsaveopt pln pts dtherm tpr_shadow vnmi flexpriority ept vpid fsgsbase smep erms
bogomips	: 5188.01
clflush size	: 64
cache_alignment	: 64
address sizes	: 36 bits physical, 48 bits virtual
power management:

processor	: 3
vendor_id	: GenuineIntel
cpu family	: 6
model		: 58
model name	: Intel(R) Core(TM) i5-3230M CPU @ 2.60GHz
stepping	: 9
microcode	: 0x15
cpu MHz		: 1200.000
cache size	: 3072 KB
physical id	: 0
siblings	: 4
core id		: 1
cpu cores	: 2
apicid		: 3
initial apicid	: 3
fpu		: yes
fpu_exception	: yes
cpuid level	: 13
wp		: yes
flags		: fpu vme de pse tsc msr pae mce cx8 apic sep mtrr pge mca cmov pat pse36 clflush dts acpi mmx fxsr sse sse2 ss ht tm pbe syscall nx rdtscp lm constant_tsc arch_perfmon pebs bts rep_good nopl xtopology nonstop_tsc aperfmperf eagerfpu pni pclmulqdq dtes64 monitor ds_cpl vmx est tm2 ssse3 cx16 xtpr pdcm pcid sse4_1 sse4_2 x2apic popcnt tsc_deadline_timer aes xsave avx f16c rdrand lahf_lm ida arat epb xsaveopt pln pts dtherm tpr_shadow vnmi flexpriority ept vpid fsgsbase smep erms
bogomips	: 5188.01
clflush size	: 64
cache_alignment	: 64
address sizes	: 36 bits physical, 48 bits virtual
power management:



Memory: 4k page, physical 8041392k(3664508k free), swap 7999484k(7999484k free)

vm_info: Java HotSpot(TM) 64-Bit Server VM (24.65-b04) for linux-amd64 JRE (1.7.0_65-b17), built on Jun 16 2014 20:55:34 by "java_re" with gcc 4.3.0 20080428 (Red Hat 4.3.0-8)

time: Tue Nov 18 13:01:30 2014
elapsed time: 12 seconds

